This file contains any messages produced by compilers while
running configure, to aid debugging if configure makes a mistake.

It was created by configure, which was
generated by GNU Autoconf 2.65.  Invocation command line was

  $ ./configure --prefix=/home/akapadia/Documents/pinpointwcs/cfitsio

## --------- ##
## Platform. ##
## --------- ##

hostname = ubuntu
uname -m = i686
uname -r = 2.6.38-8-generic
uname -s = Linux
uname -v = #42-Ubuntu SMP Mon Apr 11 03:31:50 UTC 2011

/usr/bin/uname -p = unknown
/bin/uname -X     = unknown

/bin/arch              = unknown
/usr/bin/arch -k       = unknown
/usr/convex/getsysinfo = unknown
/usr/bin/hostinfo      = unknown
/bin/machine           = unknown
/usr/bin/oslevel       = unknown
/bin/universe          = unknown

PATH: /usr/local/sbin
PATH: /usr/local/bin
PATH: /usr/sbin
PATH: /usr/bin
PATH: /sbin
PATH: /bin
PATH: /usr/games


## ----------- ##
## Core tests. ##
## ----------- ##

configure:2093: checking for uname
configure:2109: found /bin/uname
configure:2121: result: 1
configure:2144: checking for cc
configure:2160: found /usr/bin/cc
configure:2171: result: cc
configure:2487: checking for C compiler version
configure:2496: cc --version >&5
cc (Ubuntu/Linaro 4.5.2-8ubuntu4) 4.5.2
Copyright (C) 2010 Free Software Foundation, Inc.
This is free software; see the source for copying conditions.  There is NO
warranty; not even for MERCHANTABILITY or FITNESS FOR A PARTICULAR PURPOSE.

configure:2507: $? = 0
configure:2496: cc -v >&5
Using built-in specs.
COLLECT_GCC=cc
COLLECT_LTO_WRAPPER=/usr/lib/i386-linux-gnu/gcc/i686-linux-gnu/4.5.2/lto-wrapper
Target: i686-linux-gnu
Configured with: ../src/configure -v --with-pkgversion='Ubuntu/Linaro 4.5.2-8ubuntu4' --with-bugurl=file:///usr/share/doc/gcc-4.5/README.Bugs --enable-languages=c,c++,fortran,objc,obj-c++ --prefix=/usr --program-suffix=-4.5 --enable-shared --enable-multiarch --with-multiarch-defaults=i386-linux-gnu --enable-linker-build-id --with-system-zlib --libexecdir=/usr/lib/i386-linux-gnu --without-included-gettext --enable-threads=posix --with-gxx-include-dir=/usr/include/c++/4.5 --libdir=/usr/lib/i386-linux-gnu --enable-nls --with-sysroot=/ --enable-clocale=gnu --enable-libstdcxx-debug --enable-libstdcxx-time=yes --enable-plugin --enable-gold --enable-ld=default --with-plugin-ld=ld.gold --enable-objc-gc --enable-targets=all --disable-werror --with-arch-32=i686 --with-tune=generic --enable-checking=release --build=i686-linux-gnu --host=i686-linux-gnu --target=i686-linux-gnu
Thread model: posix
gcc version 4.5.2 (Ubuntu/Linaro 4.5.2-8ubuntu4) 
configure:2507: $? = 0
configure:2496: cc -V >&5
cc: '-V' option must have argument
configure:2507: $? = 1
configure:2496: cc -qversion >&5
cc: unrecognized option '-qversion'
cc: no input files
configure:2507: $? = 1
configure:2527: checking whether the C compiler works
configure:2549: cc    conftest.c  >&5
configure:2553: $? = 0
configure:2602: result: yes
configure:2605: checking for C compiler default output file name
configure:2607: result: a.out
configure:2613: checking for suffix of executables
configure:2620: cc -o conftest    conftest.c  >&5
configure:2624: $? = 0
configure:2646: result: 
configure:2668: checking whether we are cross compiling
configure:2676: cc -o conftest    conftest.c  >&5
configure:2680: $? = 0
configure:2687: ./conftest
configure:2691: $? = 0
configure:2706: result: no
configure:2711: checking for suffix of object files
configure:2733: cc -c   conftest.c >&5
configure:2737: $? = 0
configure:2758: result: o
configure:2762: checking whether we are using the GNU C compiler
configure:2781: cc -c   conftest.c >&5
configure:2781: $? = 0
configure:2790: result: yes
configure:2799: checking whether cc accepts -g
configure:2819: cc -c -g  conftest.c >&5
configure:2819: $? = 0
configure:2860: result: yes
configure:2877: checking for cc option to accept ISO C89
configure:2941: cc  -c -g -O2  conftest.c >&5
configure:2941: $? = 0
configure:2954: result: none needed
configure:2987: checking for gfortran
configure:3017: result: no
configure:2987: checking for g95
configure:3017: result: no
configure:2987: checking for g77
configure:3017: result: no
configure:2987: checking for f77
configure:3017: result: no
configure:2987: checking for ifort
configure:3017: result: no
configure:2987: checking for f95
configure:3017: result: no
configure:2987: checking for f90
configure:3017: result: no
configure:2987: checking for xlf
configure:3017: result: no
configure:2987: checking for cf77
configure:3017: result: no
configure:2987: checking for gf77
configure:3017: result: no
configure:2987: checking for af77
configure:3017: result: no
configure:2987: checking for ncf
configure:3017: result: no
configure:2987: checking for f2c
configure:3017: result: no
configure:3027: WARNING: cfitsio: == No acceptable Fortran compiler found in $PATH
configure:3029: cfitsio: == Adding wrapper support for GNU Fortran by default
configure:3098: checking for ranlib
configure:3114: found /usr/bin/ranlib
configure:3125: result: ranlib
configure:3154: checking how to run the C preprocessor
configure:3185: cc -E  conftest.c
configure:3185: $? = 0
configure:3199: cc -E  conftest.c
conftest.c:9:28: fatal error: ac_nonexistent.h: No such file or directory
compilation terminated.
configure:3199: $? = 1
configure: failed program was:
| /* confdefs.h */
| #define PACKAGE_NAME ""
| #define PACKAGE_TARNAME ""
| #define PACKAGE_VERSION ""
| #define PACKAGE_STRING ""
| #define PACKAGE_BUGREPORT ""
| #define PACKAGE_URL ""
| /* end confdefs.h.  */
| #include <ac_nonexistent.h>
configure:3224: result: cc -E
configure:3244: cc -E  conftest.c
configure:3244: $? = 0
configure:3258: cc -E  conftest.c
conftest.c:9:28: fatal error: ac_nonexistent.h: No such file or directory
compilation terminated.
configure:3258: $? = 1
configure: failed program was:
| /* confdefs.h */
| #define PACKAGE_NAME ""
| #define PACKAGE_TARNAME ""
| #define PACKAGE_VERSION ""
| #define PACKAGE_STRING ""
| #define PACKAGE_BUGREPORT ""
| #define PACKAGE_URL ""
| /* end confdefs.h.  */
| #include <ac_nonexistent.h>
configure:3287: checking for grep that handles long lines and -e
configure:3345: result: /bin/grep
configure:3350: checking for egrep
configure:3412: result: /bin/grep -E
configure:3417: checking for ANSI C header files
configure:3437: cc -c -g -O2  conftest.c >&5
configure:3437: $? = 0
configure:3510: cc -o conftest -g -O2   conftest.c  >&5
configure:3510: $? = 0
configure:3510: ./conftest
configure:3510: $? = 0
configure:3521: result: yes
configure:3534: checking for sys/types.h
configure:3534: cc -c -g -O2  conftest.c >&5
configure:3534: $? = 0
configure:3534: result: yes
configure:3534: checking for sys/stat.h
configure:3534: cc -c -g -O2  conftest.c >&5
configure:3534: $? = 0
configure:3534: result: yes
configure:3534: checking for stdlib.h
configure:3534: cc -c -g -O2  conftest.c >&5
configure:3534: $? = 0
configure:3534: result: yes
configure:3534: checking for string.h
configure:3534: cc -c -g -O2  conftest.c >&5
configure:3534: $? = 0
configure:3534: result: yes
configure:3534: checking for memory.h
configure:3534: cc -c -g -O2  conftest.c >&5
configure:3534: $? = 0
configure:3534: result: yes
configure:3534: checking for strings.h
configure:3534: cc -c -g -O2  conftest.c >&5
configure:3534: $? = 0
configure:3534: result: yes
configure:3534: checking for inttypes.h
configure:3534: cc -c -g -O2  conftest.c >&5
configure:3534: $? = 0
configure:3534: result: yes
configure:3534: checking for stdint.h
configure:3534: cc -c -g -O2  conftest.c >&5
configure:3534: $? = 0
configure:3534: result: yes
configure:3534: checking for unistd.h
configure:3534: cc -c -g -O2  conftest.c >&5
configure:3534: $? = 0
configure:3534: result: yes
configure:3550: checking for stdlib.h
configure:3550: result: yes
configure:3550: checking for string.h
configure:3550: result: yes
configure:3550: checking math.h usability
configure:3550: cc -c -g -O2  conftest.c >&5
configure:3550: $? = 0
configure:3550: result: yes
configure:3550: checking math.h presence
configure:3550: cc -E  conftest.c
configure:3550: $? = 0
configure:3550: result: yes
configure:3550: checking for math.h
configure:3550: result: yes
configure:3550: checking limits.h usability
configure:3550: cc -c -g -O2  conftest.c >&5
configure:3550: $? = 0
configure:3550: result: yes
configure:3550: checking limits.h presence
configure:3550: cc -E  conftest.c
configure:3550: $? = 0
configure:3550: result: yes
configure:3550: checking for limits.h
configure:3550: result: yes
configure:3574: cc -c -g -O2  conftest.c >&5
configure:3574: $? = 0
configure:3813: checking "whether ftruncate works"
configure:3829: cc -o conftest -g -O2 -Dg77Fortran -fPIC   conftest.c  >&5
conftest.c: In function 'main':
conftest.c:31:10: warning: ignoring return value of 'ftruncate', declared with attribute warn_unused_result
configure:3829: $? = 0
configure:3833: result: "yes"
configure:3847: checking "whether long long is defined"
configure:3863: cc -c -g -O2 -Dg77Fortran -fPIC  conftest.c >&5
configure:3863: $? = 0
configure:3867: result: "yes"
configure:3888: checking "whether system V style IPC services are supported"
configure:3909: cc -o conftest -g -O2 -Dg77Fortran -fPIC   conftest.c  >&5
configure:3909: $? = 0
configure:3914: result: "yes"
configure:3930: checking "do we have flock_t defined in sys/fcntl.h"
configure:3946: cc -c -g -O2 -Dg77Fortran -fPIC  conftest.c >&5
conftest.c: In function 'main':
conftest.c:34:1: error: 'flock_t' undeclared (first use in this function)
conftest.c:34:1: note: each undeclared identifier is reported only once for each function it appears in
conftest.c:34:9: error: expected ';' before 'filler'
configure:3946: $? = 1
configure: failed program was:
| /* confdefs.h */
| #define PACKAGE_NAME ""
| #define PACKAGE_TARNAME ""
| #define PACKAGE_VERSION ""
| #define PACKAGE_STRING ""
| #define PACKAGE_BUGREPORT ""
| #define PACKAGE_URL ""
| #define STDC_HEADERS 1
| #define HAVE_SYS_TYPES_H 1
| #define HAVE_SYS_STAT_H 1
| #define HAVE_STDLIB_H 1
| #define HAVE_STRING_H 1
| #define HAVE_MEMORY_H 1
| #define HAVE_STRINGS_H 1
| #define HAVE_INTTYPES_H 1
| #define HAVE_STDINT_H 1
| #define HAVE_UNISTD_H 1
| #define HAVE_STDLIB_H 1
| #define HAVE_STRING_H 1
| #define HAVE_MATH_H 1
| #define HAVE_LIMITS_H 1
| #define _LARGEFILE_SOURCE 1
| #define _FILE_OFFSET_BITS 64
| #define HAVE_FTRUNCATE 1
| #define HAVE_LONGLONG 1
| #define HAVE_SHMEM_SERVICES 1
| /* end confdefs.h.  */
| #include <sys/fcntl.h>
| 
| int
| main ()
| {
| 
| flock_t filler;
| 
|   ;
|   return 0;
| }
configure:3954: result: "no"
configure:3960: checking "do we have flock_t defined in sys/flock.h"
configure:3976: cc -c -g -O2 -Dg77Fortran -fPIC  conftest.c >&5
conftest.c:28:23: fatal error: sys/flock.h: No such file or directory
compilation terminated.
configure:3976: $? = 1
configure: failed program was:
| /* confdefs.h */
| #define PACKAGE_NAME ""
| #define PACKAGE_TARNAME ""
| #define PACKAGE_VERSION ""
| #define PACKAGE_STRING ""
| #define PACKAGE_BUGREPORT ""
| #define PACKAGE_URL ""
| #define STDC_HEADERS 1
| #define HAVE_SYS_TYPES_H 1
| #define HAVE_SYS_STAT_H 1
| #define HAVE_STDLIB_H 1
| #define HAVE_STRING_H 1
| #define HAVE_MEMORY_H 1
| #define HAVE_STRINGS_H 1
| #define HAVE_INTTYPES_H 1
| #define HAVE_STDINT_H 1
| #define HAVE_UNISTD_H 1
| #define HAVE_STDLIB_H 1
| #define HAVE_STRING_H 1
| #define HAVE_MATH_H 1
| #define HAVE_LIMITS_H 1
| #define _LARGEFILE_SOURCE 1
| #define _FILE_OFFSET_BITS 64
| #define HAVE_FTRUNCATE 1
| #define HAVE_LONGLONG 1
| #define HAVE_SHMEM_SERVICES 1
| /* end confdefs.h.  */
| #include <sys/flock.h>
| 
| int
| main ()
| {
| 
|    flock_t filler;
| 
|   ;
|   return 0;
| }
configure:3984: result: "no"
configure:3995: checking "do we have union semun defined"
configure:4013: cc -c -g -O2 -Dg77Fortran -fPIC  conftest.c >&5
conftest.c: In function 'main':
conftest.c:36:13: error: storage size of 'filler' isn't known
configure:4013: $? = 1
configure: failed program was:
| /* confdefs.h */
| #define PACKAGE_NAME ""
| #define PACKAGE_TARNAME ""
| #define PACKAGE_VERSION ""
| #define PACKAGE_STRING ""
| #define PACKAGE_BUGREPORT ""
| #define PACKAGE_URL ""
| #define STDC_HEADERS 1
| #define HAVE_SYS_TYPES_H 1
| #define HAVE_SYS_STAT_H 1
| #define HAVE_STDLIB_H 1
| #define HAVE_STRING_H 1
| #define HAVE_MEMORY_H 1
| #define HAVE_STRINGS_H 1
| #define HAVE_INTTYPES_H 1
| #define HAVE_STDINT_H 1
| #define HAVE_UNISTD_H 1
| #define HAVE_STDLIB_H 1
| #define HAVE_STRING_H 1
| #define HAVE_MATH_H 1
| #define HAVE_LIMITS_H 1
| #define _LARGEFILE_SOURCE 1
| #define _FILE_OFFSET_BITS 64
| #define HAVE_FTRUNCATE 1
| #define HAVE_LONGLONG 1
| #define HAVE_SHMEM_SERVICES 1
| /* end confdefs.h.  */
| #include <sys/ipc.h>
| #include <sys/shm.h>
| #include <sys/sem.h>
| 
| int
| main ()
| {
| 
| union semun filler;
| 
|   ;
|   return 0;
| }
configure:4021: result: "no"
configure:4029: checking for library containing gethostbyname
configure:4060: cc -o conftest -g -O2 -Dg77Fortran -fPIC   conftest.c  >&5
configure:4060: $? = 0
configure:4077: result: none required
configure:4087: checking for library containing connect
configure:4118: cc -o conftest -g -O2 -Dg77Fortran -fPIC   conftest.c  >&5
configure:4118: $? = 0
configure:4135: result: none required
configure:4343: creating ./config.status

## ---------------------- ##
## Running config.status. ##
## ---------------------- ##

This file was extended by config.status, which was
generated by GNU Autoconf 2.65.  Invocation command line was

  CONFIG_FILES    = 
  CONFIG_HEADERS  = 
  CONFIG_LINKS    = 
  CONFIG_COMMANDS = 
  $ ./config.status 

on ubuntu

config.status:738: creating Makefile
configure:5482: creating ./config.status

## ---------------------- ##
## Running config.status. ##
## ---------------------- ##

This file was extended by config.status, which was
generated by GNU Autoconf 2.65.  Invocation command line was

  CONFIG_FILES    = 
  CONFIG_HEADERS  = 
  CONFIG_LINKS    = 
  CONFIG_COMMANDS = 
  $ ./config.status 

on ubuntu

config.status:739: creating Makefile
config.status:739: creating cfitsio.pc
configure:6484: result: 
configure:6486: result:     Congratulations, Makefile update was successful.
configure:6488: result:     You may want to run "make" now.
configure:6490: result: 

## ---------------- ##
## Cache variables. ##
## ---------------- ##

ac_cv_c_compiler_gnu=yes
ac_cv_env_CC_set=
ac_cv_env_CC_value=
ac_cv_env_CFLAGS_set=
ac_cv_env_CFLAGS_value=
ac_cv_env_CPPFLAGS_set=
ac_cv_env_CPPFLAGS_value=
ac_cv_env_CPP_set=
ac_cv_env_CPP_value=
ac_cv_env_LDFLAGS_set=
ac_cv_env_LDFLAGS_value=
ac_cv_env_LIBS_set=
ac_cv_env_LIBS_value=
ac_cv_env_build_alias_set=
ac_cv_env_build_alias_value=
ac_cv_env_host_alias_set=
ac_cv_env_host_alias_value=
ac_cv_env_target_alias_set=
ac_cv_env_target_alias_value=
ac_cv_header_inttypes_h=yes
ac_cv_header_limits_h=yes
ac_cv_header_math_h=yes
ac_cv_header_memory_h=yes
ac_cv_header_stdc=yes
ac_cv_header_stdint_h=yes
ac_cv_header_stdlib_h=yes
ac_cv_header_string_h=yes
ac_cv_header_strings_h=yes
ac_cv_header_sys_stat_h=yes
ac_cv_header_sys_types_h=yes
ac_cv_header_unistd_h=yes
ac_cv_objext=o
ac_cv_path_EGREP='/bin/grep -E'
ac_cv_path_GREP=/bin/grep
ac_cv_prog_CC=cc
ac_cv_prog_CPP='cc -E'
ac_cv_prog_ac_ct_RANLIB=ranlib
ac_cv_prog_cc_c89=
ac_cv_prog_cc_g=yes
ac_cv_prog_uname_found=1
ac_cv_search_connect='none required'
ac_cv_search_gethostbyname='none required'

## ----------------- ##
## Output variables. ##
## ----------------- ##

ARCH='linux'
CC='cc'
CFLAGS='-g -O2 -Dg77Fortran -fPIC'
CPP='cc -E'
CPPFLAGS=''
DEFS='-DPACKAGE_NAME=\"\" -DPACKAGE_TARNAME=\"\" -DPACKAGE_VERSION=\"\" -DPACKAGE_STRING=\"\" -DPACKAGE_BUGREPORT=\"\" -DPACKAGE_URL=\"\" -DSTDC_HEADERS=1 -DHAVE_SYS_TYPES_H=1 -DHAVE_SYS_STAT_H=1 -DHAVE_STDLIB_H=1 -DHAVE_STRING_H=1 -DHAVE_MEMORY_H=1 -DHAVE_STRINGS_H=1 -DHAVE_INTTYPES_H=1 -DHAVE_STDINT_H=1 -DHAVE_UNISTD_H=1 -DHAVE_STDLIB_H=1 -DHAVE_STRING_H=1 -DHAVE_MATH_H=1 -DHAVE_LIMITS_H=1 -D_LARGEFILE_SOURCE=1 -D_FILE_OFFSET_BITS=64 -DHAVE_FTRUNCATE=1 -DHAVE_LONGLONG=1 -DHAVE_SHMEM_SERVICES=1 -DHAVE_NET_SERVICES=1'
ECHO_C=''
ECHO_N='-n'
ECHO_T=''
EGREP='/bin/grep -E'
EXEEXT=''
F77_WRAPPERS='${FITSIO_SRC}'
FC='notfound'
GCCVERSION='4.5.2'
GREP='/bin/grep'
INSTALL_ROOT='${prefix}'
LDFLAGS=''
LIBOBJS=''
LIBPRE=''
LIBS=''
LTLIBOBJS=''
OBJEXT='o'
PACKAGE_BUGREPORT=''
PACKAGE_NAME=''
PACKAGE_STRING=''
PACKAGE_TARNAME=''
PACKAGE_URL=''
PACKAGE_VERSION=''
PATH_SEPARATOR=':'
RANLIB='ranlib'
SHELL='/bin/bash'
SHLIB_LD='cc -shared'
SHLIB_SUFFIX='.so'
ac_ct_CC=''
bindir='${exec_prefix}/bin'
build_alias=''
datadir='${datarootdir}'
datarootdir='${prefix}/share'
docdir='${datarootdir}/doc/${PACKAGE}'
dvidir='${docdir}'
exec_prefix='${prefix}'
host_alias=''
htmldir='${docdir}'
includedir='${prefix}/include'
infodir='${datarootdir}/info'
libdir='${exec_prefix}/lib'
libexecdir='${exec_prefix}/libexec'
localedir='${datarootdir}/locale'
localstatedir='${prefix}/var'
mandir='${datarootdir}/man'
my_shmem='${SOURCES_SHMEM}'
oldincludedir='/usr/include'
pdfdir='${docdir}'
prefix='/home/akapadia/Documents/pinpointwcs/cfitsio'
program_transform_name='s,x,x,'
psdir='${docdir}'
sbindir='${exec_prefix}/sbin'
sharedstatedir='${prefix}/com'
sysconfdir='${prefix}/etc'
target_alias=''
uname_found='1'

## ----------- ##
## confdefs.h. ##
## ----------- ##

/* confdefs.h */
#define PACKAGE_NAME ""
#define PACKAGE_TARNAME ""
#define PACKAGE_VERSION ""
#define PACKAGE_STRING ""
#define PACKAGE_BUGREPORT ""
#define PACKAGE_URL ""
#define STDC_HEADERS 1
#define HAVE_SYS_TYPES_H 1
#define HAVE_SYS_STAT_H 1
#define HAVE_STDLIB_H 1
#define HAVE_STRING_H 1
#define HAVE_MEMORY_H 1
#define HAVE_STRINGS_H 1
#define HAVE_INTTYPES_H 1
#define HAVE_STDINT_H 1
#define HAVE_UNISTD_H 1
#define HAVE_STDLIB_H 1
#define HAVE_STRING_H 1
#define HAVE_MATH_H 1
#define HAVE_LIMITS_H 1
#define _LARGEFILE_SOURCE 1
#define _FILE_OFFSET_BITS 64
#define HAVE_FTRUNCATE 1
#define HAVE_LONGLONG 1
#define HAVE_SHMEM_SERVICES 1
#define HAVE_NET_SERVICES 1

configure: exit 0
