This file contains any messages produced by compilers while
running configure, to aid debugging if configure makes a mistake.

It was created by xpa configure 2.1.13, which was
generated by GNU Autoconf 2.61.  Invocation command line was

  $ ./configure --prefix=/home/akapadia/Documents/pinpointwcs/xpa-2.1.13

## --------- ##
## Platform. ##
## --------- ##

hostname = ubuntu
uname -m = i686
uname -r = 2.6.38-8-generic
uname -s = Linux
uname -v = #42-Ubuntu SMP Mon Apr 11 03:31:50 UTC 2011

/usr/bin/uname -p = unknown
/bin/uname -X     = unknown

/bin/arch              = unknown
/usr/bin/arch -k       = unknown
/usr/convex/getsysinfo = unknown
/usr/bin/hostinfo      = unknown
/bin/machine           = unknown
/usr/bin/oslevel       = unknown
/bin/universe          = unknown

PATH: /usr/local/sbin
PATH: /usr/local/bin
PATH: /usr/sbin
PATH: /usr/bin
PATH: /sbin
PATH: /bin
PATH: /usr/games


## ----------- ##
## Core tests. ##
## ----------- ##

configure:1783: checking build system type
configure:1801: result: i686-pc-linux-gnu
configure:1823: checking host system type
configure:1838: result: i686-pc-linux-gnu
configure:1915: checking for gcc
configure:1931: found /usr/bin/gcc
configure:1942: result: gcc
configure:2180: checking for C compiler version
configure:2187: gcc --version >&5
gcc (Ubuntu/Linaro 4.5.2-8ubuntu4) 4.5.2
Copyright (C) 2010 Free Software Foundation, Inc.
This is free software; see the source for copying conditions.  There is NO
warranty; not even for MERCHANTABILITY or FITNESS FOR A PARTICULAR PURPOSE.

configure:2190: $? = 0
configure:2197: gcc -v >&5
Using built-in specs.
COLLECT_GCC=gcc
COLLECT_LTO_WRAPPER=/usr/lib/i386-linux-gnu/gcc/i686-linux-gnu/4.5.2/lto-wrapper
Target: i686-linux-gnu
Configured with: ../src/configure -v --with-pkgversion='Ubuntu/Linaro 4.5.2-8ubuntu4' --with-bugurl=file:///usr/share/doc/gcc-4.5/README.Bugs --enable-languages=c,c++,fortran,objc,obj-c++ --prefix=/usr --program-suffix=-4.5 --enable-shared --enable-multiarch --with-multiarch-defaults=i386-linux-gnu --enable-linker-build-id --with-system-zlib --libexecdir=/usr/lib/i386-linux-gnu --without-included-gettext --enable-threads=posix --with-gxx-include-dir=/usr/include/c++/4.5 --libdir=/usr/lib/i386-linux-gnu --enable-nls --with-sysroot=/ --enable-clocale=gnu --enable-libstdcxx-debug --enable-libstdcxx-time=yes --enable-plugin --enable-gold --enable-ld=default --with-plugin-ld=ld.gold --enable-objc-gc --enable-targets=all --disable-werror --with-arch-32=i686 --with-tune=generic --enable-checking=release --build=i686-linux-gnu --host=i686-linux-gnu --target=i686-linux-gnu
Thread model: posix
gcc version 4.5.2 (Ubuntu/Linaro 4.5.2-8ubuntu4) 
configure:2200: $? = 0
configure:2207: gcc -V >&5
gcc: '-V' option must have argument
configure:2210: $? = 1
configure:2233: checking for C compiler default output file name
configure:2260: gcc    conftest.c  >&5
configure:2263: $? = 0
configure:2301: result: a.out
configure:2318: checking whether the C compiler works
configure:2328: ./a.out
configure:2331: $? = 0
configure:2348: result: yes
configure:2355: checking whether we are cross compiling
configure:2357: result: no
configure:2360: checking for suffix of executables
configure:2367: gcc -o conftest    conftest.c  >&5
configure:2370: $? = 0
configure:2394: result: 
configure:2400: checking for suffix of object files
configure:2426: gcc -c   conftest.c >&5
configure:2429: $? = 0
configure:2452: result: o
configure:2456: checking whether we are using the GNU C compiler
configure:2485: gcc -c   conftest.c >&5
configure:2491: $? = 0
configure:2508: result: yes
configure:2513: checking whether gcc accepts -g
configure:2543: gcc -c -g  conftest.c >&5
configure:2549: $? = 0
configure:2648: result: yes
configure:2665: checking for gcc option to accept ISO C89
configure:2739: gcc  -c -g -O2  conftest.c >&5
configure:2745: $? = 0
configure:2768: result: none needed
configure:2798: checking how to run the C preprocessor
configure:2838: gcc -E  conftest.c
configure:2844: $? = 0
configure:2875: gcc -E  conftest.c
conftest.c:8:28: fatal error: ac_nonexistent.h: No such file or directory
compilation terminated.
configure:2881: $? = 1
configure: failed program was:
| /* confdefs.h.  */
| #define PACKAGE_NAME "xpa"
| #define PACKAGE_TARNAME "xpa"
| #define PACKAGE_VERSION "2.1.13"
| #define PACKAGE_STRING "xpa 2.1.13"
| #define PACKAGE_BUGREPORT "saord@cfa.harvard.edu"
| /* end confdefs.h.  */
| #include <ac_nonexistent.h>
configure:2914: result: gcc -E
configure:2943: gcc -E  conftest.c
configure:2949: $? = 0
configure:2980: gcc -E  conftest.c
conftest.c:8:28: fatal error: ac_nonexistent.h: No such file or directory
compilation terminated.
configure:2986: $? = 1
configure: failed program was:
| /* confdefs.h.  */
| #define PACKAGE_NAME "xpa"
| #define PACKAGE_TARNAME "xpa"
| #define PACKAGE_VERSION "2.1.13"
| #define PACKAGE_STRING "xpa 2.1.13"
| #define PACKAGE_BUGREPORT "saord@cfa.harvard.edu"
| /* end confdefs.h.  */
| #include <ac_nonexistent.h>
configure:3024: checking for grep that handles long lines and -e
configure:3098: result: /bin/grep
configure:3103: checking for egrep
configure:3181: result: /bin/grep -E
configure:3186: checking for ANSI C header files
configure:3216: gcc -c -g -O2  conftest.c >&5
configure:3222: $? = 0
configure:3321: gcc -o conftest -g -O2   conftest.c  >&5
configure:3324: $? = 0
configure:3330: ./conftest
configure:3333: $? = 0
configure:3350: result: yes
configure:3374: checking for sys/types.h
configure:3395: gcc -c -g -O2  conftest.c >&5
configure:3401: $? = 0
configure:3417: result: yes
configure:3374: checking for sys/stat.h
configure:3395: gcc -c -g -O2  conftest.c >&5
configure:3401: $? = 0
configure:3417: result: yes
configure:3374: checking for stdlib.h
configure:3395: gcc -c -g -O2  conftest.c >&5
configure:3401: $? = 0
configure:3417: result: yes
configure:3374: checking for string.h
configure:3395: gcc -c -g -O2  conftest.c >&5
configure:3401: $? = 0
configure:3417: result: yes
configure:3374: checking for memory.h
configure:3395: gcc -c -g -O2  conftest.c >&5
configure:3401: $? = 0
configure:3417: result: yes
configure:3374: checking for strings.h
configure:3395: gcc -c -g -O2  conftest.c >&5
configure:3401: $? = 0
configure:3417: result: yes
configure:3374: checking for inttypes.h
configure:3395: gcc -c -g -O2  conftest.c >&5
configure:3401: $? = 0
configure:3417: result: yes
configure:3374: checking for stdint.h
configure:3395: gcc -c -g -O2  conftest.c >&5
configure:3401: $? = 0
configure:3417: result: yes
configure:3374: checking for unistd.h
configure:3395: gcc -c -g -O2  conftest.c >&5
configure:3401: $? = 0
configure:3417: result: yes
configure:3429: checking for long
configure:3459: gcc -c -g -O2  conftest.c >&5
configure:3465: $? = 0
configure:3480: result: yes
configure:3487: checking size of long
configure:3789: gcc -o conftest -g -O2   conftest.c  >&5
configure:3792: $? = 0
configure:3798: ./conftest
configure:3801: $? = 0
configure:3824: result: 4
configure:3880: checking for ranlib
configure:3896: found /usr/bin/ranlib
configure:3907: result: ranlib
configure:3934: checking for ANSI C header files
configure:4098: result: yes
configure:4123: checking malloc.h usability
configure:4140: gcc -c -g -O2  conftest.c >&5
configure:4146: $? = 0
configure:4160: result: yes
configure:4164: checking malloc.h presence
configure:4179: gcc -E  conftest.c
configure:4185: $? = 0
configure:4199: result: yes
configure:4232: checking for malloc.h
configure:4240: result: yes
configure:4268: checking getopt.h usability
configure:4285: gcc -c -g -O2  conftest.c >&5
configure:4291: $? = 0
configure:4305: result: yes
configure:4309: checking getopt.h presence
configure:4324: gcc -E  conftest.c
configure:4330: $? = 0
configure:4344: result: yes
configure:4377: checking for getopt.h
configure:4385: result: yes
configure:4413: checking pwd.h usability
configure:4430: gcc -c -g -O2  conftest.c >&5
configure:4436: $? = 0
configure:4450: result: yes
configure:4454: checking pwd.h presence
configure:4469: gcc -E  conftest.c
configure:4475: $? = 0
configure:4489: result: yes
configure:4522: checking for pwd.h
configure:4530: result: yes
configure:4558: checking values.h usability
configure:4575: gcc -c -g -O2  conftest.c >&5
configure:4581: $? = 0
configure:4595: result: yes
configure:4599: checking values.h presence
configure:4614: gcc -E  conftest.c
configure:4620: $? = 0
configure:4634: result: yes
configure:4667: checking for values.h
configure:4675: result: yes
configure:4703: checking dlfcn.h usability
configure:4720: gcc -c -g -O2  conftest.c >&5
configure:4726: $? = 0
configure:4740: result: yes
configure:4744: checking dlfcn.h presence
configure:4759: gcc -E  conftest.c
configure:4765: $? = 0
configure:4779: result: yes
configure:4812: checking for dlfcn.h
configure:4820: result: yes
configure:4848: checking setjmp.h usability
configure:4865: gcc -c -g -O2  conftest.c >&5
configure:4871: $? = 0
configure:4885: result: yes
configure:4889: checking setjmp.h presence
configure:4904: gcc -E  conftest.c
configure:4910: $? = 0
configure:4924: result: yes
configure:4957: checking for setjmp.h
configure:4965: result: yes
configure:4993: checking sys/un.h usability
configure:5010: gcc -c -g -O2  conftest.c >&5
configure:5016: $? = 0
configure:5030: result: yes
configure:5034: checking sys/un.h presence
configure:5049: gcc -E  conftest.c
configure:5055: $? = 0
configure:5069: result: yes
configure:5102: checking for sys/un.h
configure:5110: result: yes
configure:5138: checking sys/shm.h usability
configure:5155: gcc -c -g -O2  conftest.c >&5
configure:5161: $? = 0
configure:5175: result: yes
configure:5179: checking sys/shm.h presence
configure:5194: gcc -E  conftest.c
configure:5200: $? = 0
configure:5214: result: yes
configure:5247: checking for sys/shm.h
configure:5255: result: yes
configure:5283: checking sys/mman.h usability
configure:5300: gcc -c -g -O2  conftest.c >&5
configure:5306: $? = 0
configure:5320: result: yes
configure:5324: checking sys/mman.h presence
configure:5339: gcc -E  conftest.c
configure:5345: $? = 0
configure:5359: result: yes
configure:5392: checking for sys/mman.h
configure:5400: result: yes
configure:5428: checking sys/ipc.h usability
configure:5445: gcc -c -g -O2  conftest.c >&5
configure:5451: $? = 0
configure:5465: result: yes
configure:5469: checking sys/ipc.h presence
configure:5484: gcc -E  conftest.c
configure:5490: $? = 0
configure:5504: result: yes
configure:5537: checking for sys/ipc.h
configure:5545: result: yes
configure:5559: checking for socklen_t
configure:5590: gcc -c -g -O2  conftest.c >&5
configure:5596: $? = 0
configure:5611: result: yes
configure:5623: checking for an ANSI C-conforming const
configure:5698: gcc -c -g -O2  conftest.c >&5
configure:5704: $? = 0
configure:5719: result: yes
configure:5738: checking for strchr
configure:5794: gcc -o conftest -g -O2   conftest.c  >&5
conftest.c:54:6: warning: conflicting types for built-in function 'strchr'
configure:5800: $? = 0
configure:5818: result: yes
configure:5738: checking for memcpy
configure:5794: gcc -o conftest -g -O2   conftest.c  >&5
conftest.c:55:6: warning: conflicting types for built-in function 'memcpy'
configure:5800: $? = 0
configure:5818: result: yes
configure:5738: checking for snprintf
configure:5794: gcc -o conftest -g -O2   conftest.c  >&5
conftest.c:56:6: warning: conflicting types for built-in function 'snprintf'
configure:5800: $? = 0
configure:5818: result: yes
configure:5738: checking for atexit
configure:5794: gcc -o conftest -g -O2   conftest.c  >&5
configure:5800: $? = 0
configure:5818: result: yes
configure:5738: checking for setenv
configure:5794: gcc -o conftest -g -O2   conftest.c  >&5
configure:5800: $? = 0
configure:5818: result: yes
configure:5829: checking for connect
configure:5885: gcc -o conftest -g -O2   conftest.c  >&5
configure:5891: $? = 0
configure:5908: result: yes
configure:5978: checking for gethostbyname
configure:6034: gcc -o conftest -g -O2   conftest.c  >&5
configure:6040: $? = 0
configure:6057: result: yes
configure:6133: checking for threaded xpans
configure:6226: result: no
configure:6231: checking for shared library build
configure:6253: result: no
configure:6256: checking for request to use posix_spawn
configure:6265: result: no
configure:6510: checking for X
configure:6625: gcc -E  conftest.c
conftest.c:36:22: fatal error: X11/Xlib.h: No such file or directory
compilation terminated.
configure:6631: $? = 1
configure: failed program was:
| /* confdefs.h.  */
| #define PACKAGE_NAME "xpa"
| #define PACKAGE_TARNAME "xpa"
| #define PACKAGE_VERSION "2.1.13"
| #define PACKAGE_STRING "xpa 2.1.13"
| #define PACKAGE_BUGREPORT "saord@cfa.harvard.edu"
| #define STDC_HEADERS 1
| #define HAVE_SYS_TYPES_H 1
| #define HAVE_SYS_STAT_H 1
| #define HAVE_STDLIB_H 1
| #define HAVE_STRING_H 1
| #define HAVE_MEMORY_H 1
| #define HAVE_STRINGS_H 1
| #define HAVE_INTTYPES_H 1
| #define HAVE_STDINT_H 1
| #define HAVE_UNISTD_H 1
| #define SIZEOF_LONG 4
| #define STDC_HEADERS 1
| #define HAVE_MALLOC_H 1
| #define HAVE_GETOPT_H 1
| #define HAVE_PWD_H 1
| #define HAVE_VALUES_H 1
| #define HAVE_DLFCN_H 1
| #define HAVE_SETJMP_H 1
| #define HAVE_SYS_UN_H 1
| #define HAVE_SYS_SHM_H 1
| #define HAVE_SYS_MMAN_H 1
| #define HAVE_SYS_IPC_H 1
| #define HAVE_SOCKLEN_T 1
| #define HAVE_STRCHR 1
| #define HAVE_MEMCPY 1
| #define HAVE_SNPRINTF 1
| #define HAVE_ATEXIT 1
| #define HAVE_SETENV 1
| /* end confdefs.h.  */
| #include <X11/Xlib.h>
configure:6680: gcc -o conftest -g -O2   conftest.c -lX11  >&5
conftest.c:36:22: fatal error: X11/Xlib.h: No such file or directory
compilation terminated.
configure:6686: $? = 1
configure: failed program was:
| /* confdefs.h.  */
| #define PACKAGE_NAME "xpa"
| #define PACKAGE_TARNAME "xpa"
| #define PACKAGE_VERSION "2.1.13"
| #define PACKAGE_STRING "xpa 2.1.13"
| #define PACKAGE_BUGREPORT "saord@cfa.harvard.edu"
| #define STDC_HEADERS 1
| #define HAVE_SYS_TYPES_H 1
| #define HAVE_SYS_STAT_H 1
| #define HAVE_STDLIB_H 1
| #define HAVE_STRING_H 1
| #define HAVE_MEMORY_H 1
| #define HAVE_STRINGS_H 1
| #define HAVE_INTTYPES_H 1
| #define HAVE_STDINT_H 1
| #define HAVE_UNISTD_H 1
| #define SIZEOF_LONG 4
| #define STDC_HEADERS 1
| #define HAVE_MALLOC_H 1
| #define HAVE_GETOPT_H 1
| #define HAVE_PWD_H 1
| #define HAVE_VALUES_H 1
| #define HAVE_DLFCN_H 1
| #define HAVE_SETJMP_H 1
| #define HAVE_SYS_UN_H 1
| #define HAVE_SYS_SHM_H 1
| #define HAVE_SYS_MMAN_H 1
| #define HAVE_SYS_IPC_H 1
| #define HAVE_SOCKLEN_T 1
| #define HAVE_STRCHR 1
| #define HAVE_MEMCPY 1
| #define HAVE_SNPRINTF 1
| #define HAVE_ATEXIT 1
| #define HAVE_SETENV 1
| /* end confdefs.h.  */
| #include <X11/Xlib.h>
| int
| main ()
| {
| XrmInitialize ()
|   ;
|   return 0;
| }
configure:6734: result: no
configure:7847: checking for Tcl configuration
configure:7917: result: can't find Tcl configuration definitions
configure:8011: checking for incorporation of thread support
configure:8026: result: no
configure:8030: checking for gtk
configure:8052: result: no
configure:8061: checking linux-gnu configuration
configure:8172: result: none
configure:8283: creating ./config.status

## ---------------------- ##
## Running config.status. ##
## ---------------------- ##

This file was extended by xpa config.status 2.1.13, which was
generated by GNU Autoconf 2.61.  Invocation command line was

  CONFIG_FILES    = 
  CONFIG_HEADERS  = 
  CONFIG_LINKS    = 
  CONFIG_COMMANDS = 
  $ ./config.status 

on ubuntu

config.status:623: creating Makefile
config.status:623: creating conf.h

## ---------------- ##
## Cache variables. ##
## ---------------- ##

ac_cv_build=i686-pc-linux-gnu
ac_cv_c_compiler_gnu=yes
ac_cv_c_const=yes
ac_cv_env_CC_set=
ac_cv_env_CC_value=
ac_cv_env_CFLAGS_set=
ac_cv_env_CFLAGS_value=
ac_cv_env_CPPFLAGS_set=
ac_cv_env_CPPFLAGS_value=
ac_cv_env_CPP_set=
ac_cv_env_CPP_value=
ac_cv_env_LDFLAGS_set=
ac_cv_env_LDFLAGS_value=
ac_cv_env_LIBS_set=
ac_cv_env_LIBS_value=
ac_cv_env_XMKMF_set=
ac_cv_env_XMKMF_value=
ac_cv_env_build_alias_set=
ac_cv_env_build_alias_value=
ac_cv_env_host_alias_set=
ac_cv_env_host_alias_value=
ac_cv_env_target_alias_set=
ac_cv_env_target_alias_value=
ac_cv_func_atexit=yes
ac_cv_func_connect=yes
ac_cv_func_gethostbyname=yes
ac_cv_func_memcpy=yes
ac_cv_func_setenv=yes
ac_cv_func_snprintf=yes
ac_cv_func_strchr=yes
ac_cv_have_x=have_x=no
ac_cv_header_dlfcn_h=yes
ac_cv_header_getopt_h=yes
ac_cv_header_inttypes_h=yes
ac_cv_header_malloc_h=yes
ac_cv_header_memory_h=yes
ac_cv_header_pwd_h=yes
ac_cv_header_setjmp_h=yes
ac_cv_header_stdc=yes
ac_cv_header_stdint_h=yes
ac_cv_header_stdlib_h=yes
ac_cv_header_string_h=yes
ac_cv_header_strings_h=yes
ac_cv_header_sys_ipc_h=yes
ac_cv_header_sys_mman_h=yes
ac_cv_header_sys_shm_h=yes
ac_cv_header_sys_stat_h=yes
ac_cv_header_sys_types_h=yes
ac_cv_header_sys_un_h=yes
ac_cv_header_unistd_h=yes
ac_cv_header_values_h=yes
ac_cv_host=i686-pc-linux-gnu
ac_cv_objext=o
ac_cv_path_EGREP='/bin/grep -E'
ac_cv_path_GREP=/bin/grep
ac_cv_prog_CPP='gcc -E'
ac_cv_prog_ac_ct_CC=gcc
ac_cv_prog_ac_ct_RANLIB=ranlib
ac_cv_prog_cc_c89=
ac_cv_prog_cc_g=yes
ac_cv_sizeof_long=4
ac_cv_type_long=yes
ac_cv_type_socklen_t=yes

## ----------------- ##
## Output variables. ##
## ----------------- ##

CC='gcc'
CFLAGS='-g -O2'
CPP='gcc -E'
CPPFLAGS=''
DEFS='-DHAVE_CONFIG_H'
DOSHARED=''
ECHO_C=''
ECHO_N='-n'
ECHO_T=''
EGREP='/bin/grep -E'
EXEEXT=''
EXTRA_LIBS=''
GREP='/bin/grep'
GTK_CFLAGS=''
GTK_LIBS=''
LDFLAGS=' '
LIBOBJS=''
LIBS=''
LLIB='$(LIB)'
LTLIBOBJS=''
OBJEXT='o'
PACKAGE_BUGREPORT='saord@cfa.harvard.edu'
PACKAGE_NAME='xpa'
PACKAGE_STRING='xpa 2.1.13'
PACKAGE_TARNAME='xpa'
PACKAGE_VERSION='2.1.13'
PATH_SEPARATOR=':'
RANLIB='ranlib'
SHELL='/bin/bash'
SZ_LONG='4'
TCL_BIN_DIR='# no Tcl configs found'
TCL_CFLAGS=''
TCL_LIBS=''
TCL_LIB_FILE=''
TCL_LIB_FLAG=''
TCL_LIB_SPEC=''
TCL_SRC_DIR=''
TCL_STUB_LIB_FILE=''
TCL_STUB_LIB_FLAG=''
TCL_STUB_LIB_SPEC=''
TCL_VERSION=''
TLIB=''
XMKMF=''
X_CFLAGS=''
X_EXTRA_LIBS=''
X_LIBS=''
X_PRE_LIBS=''
ac_ct_CC='gcc'
bindir='${exec_prefix}/bin'
build='i686-pc-linux-gnu'
build_alias=''
build_cpu='i686'
build_os='linux-gnu'
build_vendor='pc'
datadir='${datarootdir}'
datarootdir='${prefix}/share'
docdir='${datarootdir}/doc/${PACKAGE_TARNAME}'
dvidir='${docdir}'
exec_prefix='${prefix}'
host='i686-pc-linux-gnu'
host_alias=''
host_cpu='i686'
host_os='linux-gnu'
host_vendor='pc'
htmldir='${docdir}'
includedir='${prefix}/include'
infodir='${datarootdir}/info'
libdir='${exec_prefix}/lib'
libexecdir='${exec_prefix}/libexec'
localedir='${datarootdir}/locale'
localstatedir='${prefix}/var'
mandir='${datarootdir}/man'
oldincludedir='/usr/include'
pdfdir='${docdir}'
prefix='/home/akapadia/Documents/pinpointwcs/xpa-2.1.13'
program_transform_name='s,x,x,'
psdir='${docdir}'
sbindir='${exec_prefix}/sbin'
sharedstatedir='${prefix}/com'
sysconfdir='${prefix}/etc'
target_alias=''

## ----------- ##
## confdefs.h. ##
## ----------- ##

#define PACKAGE_NAME "xpa"
#define PACKAGE_TARNAME "xpa"
#define PACKAGE_VERSION "2.1.13"
#define PACKAGE_STRING "xpa 2.1.13"
#define PACKAGE_BUGREPORT "saord@cfa.harvard.edu"
#define STDC_HEADERS 1
#define HAVE_SYS_TYPES_H 1
#define HAVE_SYS_STAT_H 1
#define HAVE_STDLIB_H 1
#define HAVE_STRING_H 1
#define HAVE_MEMORY_H 1
#define HAVE_STRINGS_H 1
#define HAVE_INTTYPES_H 1
#define HAVE_STDINT_H 1
#define HAVE_UNISTD_H 1
#define SIZEOF_LONG 4
#define STDC_HEADERS 1
#define HAVE_MALLOC_H 1
#define HAVE_GETOPT_H 1
#define HAVE_PWD_H 1
#define HAVE_VALUES_H 1
#define HAVE_DLFCN_H 1
#define HAVE_SETJMP_H 1
#define HAVE_SYS_UN_H 1
#define HAVE_SYS_SHM_H 1
#define HAVE_SYS_MMAN_H 1
#define HAVE_SYS_IPC_H 1
#define HAVE_SOCKLEN_T 1
#define HAVE_STRCHR 1
#define HAVE_MEMCPY 1
#define HAVE_SNPRINTF 1
#define HAVE_ATEXIT 1
#define HAVE_SETENV 1
#define X_DISPLAY_MISSING 1

configure: exit 0
